app/manifest-merger-release-report.txt
-- Merging decision tree log ---
manifest
ADDED from AndroidManifest.xml:14:1
	xmlns:android
		ADDED from AndroidManifest.xml:14:11
	package
		ADDED from AndroidManifest.xml:15:5
		INJECTED from AndroidManifest.xml:0:0
		INJECTED from AndroidManifest.xml:0:0
	android:versionName
		ADDED from AndroidManifest.xml:17:5
	android:versionCode
		ADDED from AndroidManifest.xml:16:5
		INJECTED from AndroidManifest.xml:0:0
		INJECTED from AndroidManifest.xml:0:0
uses-feature#android.hardware.location
ADDED from AndroidManifest.xml:19:5
	android:required
		ADDED from AndroidManifest.xml:21:9
	android:name
		ADDED from AndroidManifest.xml:20:9
uses-feature#android.hardware.location.network
ADDED from AndroidManifest.xml:22:5
	android:required
		ADDED from AndroidManifest.xml:24:9
	android:name
		ADDED from AndroidManifest.xml:23:9
uses-feature#android.hardware.location.gps
ADDED from AndroidManifest.xml:25:5
	android:required
		ADDED from AndroidManifest.xml:27:9
	android:name
		ADDED from AndroidManifest.xml:26:9
uses-feature#android.hardware.telephony
ADDED from AndroidManifest.xml:28:5
	android:required
		ADDED from AndroidManifest.xml:30:9
	android:name
		ADDED from AndroidManifest.xml:29:9
uses-feature#android.hardware.wifi
ADDED from AndroidManifest.xml:31:5
	android:required
		ADDED from AndroidManifest.xml:33:9
	android:name
		ADDED from AndroidManifest.xml:32:9
uses-permission#android.permission.READ_PHONE_STATE
ADDED from AndroidManifest.xml:35:5
	android:name
		ADDED from AndroidManifest.xml:35:22
uses-permission#android.permission.ACCESS_WIFI_STATE
ADDED from AndroidManifest.xml:36:5
	android:name
		ADDED from AndroidManifest.xml:36:22
uses-permission#android.permission.INTERNET
ADDED from AndroidManifest.xml:37:5
	android:name
		ADDED from AndroidManifest.xml:37:22
uses-permission#android.permission.ACCESS_FINE_LOCATION
ADDED from AndroidManifest.xml:38:5
	android:name
		ADDED from AndroidManifest.xml:38:22
uses-permission#android.permission.ACCESS_COARSE_LOCATION
ADDED from AndroidManifest.xml:39:5
	android:name
		ADDED from AndroidManifest.xml:39:22
uses-permission#android.permission.READ_EXTERNAL_STORAGE
ADDED from AndroidManifest.xml:40:5
	android:name
		ADDED from AndroidManifest.xml:40:22
uses-permission#android.permission.WRITE_EXTERNAL_STORAGE
ADDED from AndroidManifest.xml:41:5
	android:name
		ADDED from AndroidManifest.xml:41:22
uses-permission#android.permission.GET_ACCOUNTS
ADDED from AndroidManifest.xml:42:5
	android:name
		ADDED from AndroidManifest.xml:42:22
uses-permission#android.permission.USE_CREDENTIALS
ADDED from AndroidManifest.xml:43:5
	android:name
		ADDED from AndroidManifest.xml:43:22
uses-permission#android.permission.ACCESS_NETWORK_STATE
ADDED from AndroidManifest.xml:44:5
	android:name
		ADDED from AndroidManifest.xml:44:22
permission#org.opendatakit.tables.permission.MAPS_RECEIVE
ADDED from AndroidManifest.xml:54:5
	android:protectionLevel
		ADDED from AndroidManifest.xml:56:9
	android:name
		ADDED from AndroidManifest.xml:55:9
uses-permission#org.opendatakit.tables.permission.MAPS_RECEIVE
ADDED from AndroidManifest.xml:58:5
	android:name
		ADDED from AndroidManifest.xml:58:22
uses-permission#com.google.android.providers.gsf.permission.READ_GSERVICES
ADDED from AndroidManifest.xml:59:5
	android:name
		ADDED from AndroidManifest.xml:59:22
uses-sdk
ADDED from AndroidManifest.xml:61:5
MERGED from com.android.support:support-v4:21.0.3:15:5
MERGED from com.google.android.gms:play-services:6.1.71:15:5
MERGED from com.android.support:support-v4:21.0.3:15:5
	android:targetSdkVersion
		ADDED from AndroidManifest.xml:63:9
		INJECTED from AndroidManifest.xml:0:0
		INJECTED from AndroidManifest.xml:0:0
	android:minSdkVersion
		ADDED from AndroidManifest.xml:62:9
		INJECTED from AndroidManifest.xml:0:0
		INJECTED from AndroidManifest.xml:0:0
supports-screens
ADDED from AndroidManifest.xml:65:5
	android:resizeable
		ADDED from AndroidManifest.xml:69:9
	android:largeScreens
		ADDED from AndroidManifest.xml:67:9
	android:anyDensity
		ADDED from AndroidManifest.xml:66:9
	android:normalScreens
		ADDED from AndroidManifest.xml:68:9
	android:xlargeScreens
		ADDED from AndroidManifest.xml:71:9
	android:smallScreens
		ADDED from AndroidManifest.xml:70:9
application
ADDED from AndroidManifest.xml:73:5
MERGED from com.android.support:support-v4:21.0.3:16:5
MERGED from com.google.android.gms:play-services:6.1.71:16:5
MERGED from com.android.support:support-v4:21.0.3:16:5
	android:label
		ADDED from AndroidManifest.xml:76:9
	android:icon
		ADDED from AndroidManifest.xml:75:9
	android:theme
		ADDED from AndroidManifest.xml:78:9
	android:largeHeap
		ADDED from AndroidManifest.xml:77:9
	android:name
		ADDED from AndroidManifest.xml:74:9
provider#com.kll.collect.android.provider.FormsProvider
ADDED from AndroidManifest.xml:79:9
	android:exported
		ADDED from AndroidManifest.xml:82:13
	android:authorities
		ADDED from AndroidManifest.xml:81:13
	android:name
		ADDED from AndroidManifest.xml:80:13
provider#com.kll.collect.android.provider.InstanceProvider
ADDED from AndroidManifest.xml:83:9
	android:exported
		ADDED from AndroidManifest.xml:86:13
	android:authorities
		ADDED from AndroidManifest.xml:85:13
	android:name
		ADDED from AndroidManifest.xml:84:13
activity#com.kll.collect.android.activities.GeoODK
ADDED from AndroidManifest.xml:88:9
	android:label
		ADDED from AndroidManifest.xml:91:13
	android:configChanges
		ADDED from AndroidManifest.xml:90:13
	android:name
		ADDED from AndroidManifest.xml:89:13
activity#com.kll.collect.android.activities.MainMenuActivity
ADDED from AndroidManifest.xml:94:9
	android:label
		ADDED from AndroidManifest.xml:97:13
	android:configChanges
		ADDED from AndroidManifest.xml:96:13
	android:name
		ADDED from AndroidManifest.xml:95:13
activity#com.kll.collect.android.activities.FormEntryActivity
ADDED from AndroidManifest.xml:99:9
	android:windowSoftInputMode
		ADDED from AndroidManifest.xml:103:13
	android:label
		ADDED from AndroidManifest.xml:102:13
	android:configChanges
		ADDED from AndroidManifest.xml:101:13
	android:name
		ADDED from AndroidManifest.xml:100:13
intent-filter#android.intent.action.EDIT+android.intent.action.VIEW+android.intent.category.DEFAULT
ADDED from AndroidManifest.xml:104:13
action#android.intent.action.VIEW
ADDED from AndroidManifest.xml:105:17
	android:name
		ADDED from AndroidManifest.xml:105:25
action#android.intent.action.EDIT
ADDED from AndroidManifest.xml:106:17
	android:name
		ADDED from AndroidManifest.xml:106:25
category#android.intent.category.DEFAULT
ADDED from AndroidManifest.xml:108:17
	android:name
		ADDED from AndroidManifest.xml:108:27
data
ADDED from AndroidManifest.xml:110:17
	android:mimeType
		ADDED from AndroidManifest.xml:110:23
activity#com.kll.collect.android.activities.DrawActivity
ADDED from AndroidManifest.xml:114:9
	android:label
		ADDED from AndroidManifest.xml:116:13
	android:name
		ADDED from AndroidManifest.xml:115:13
activity#com.kll.collect.android.activities.InstanceChooserList
ADDED from AndroidManifest.xml:117:9
	android:label
		ADDED from AndroidManifest.xml:119:13
	android:name
		ADDED from AndroidManifest.xml:118:13
activity#com.kll.collect.android.activities.InstanceChooserTabs
ADDED from AndroidManifest.xml:130:9
	android:label
		ADDED from AndroidManifest.xml:132:13
	android:name
		ADDED from AndroidManifest.xml:131:13
activity#com.kll.collect.android.activities.FormChooserList
ADDED from AndroidManifest.xml:133:9
	android:label
		ADDED from AndroidManifest.xml:135:13
	android:name
		ADDED from AndroidManifest.xml:134:13
intent-filter#android.intent.action.EDIT+android.intent.action.PICK+android.intent.action.VIEW+android.intent.category.DEFAULT
ADDED from AndroidManifest.xml:136:13
action#android.intent.action.PICK
ADDED from AndroidManifest.xml:139:17
	android:name
		ADDED from AndroidManifest.xml:139:25
activity#com.kll.collect.android.activities.FormManagerList
ADDED from AndroidManifest.xml:146:9
	android:label
		ADDED from AndroidManifest.xml:148:13
	android:name
		ADDED from AndroidManifest.xml:147:13
activity#com.kll.collect.android.activities.FormDownloadList
ADDED from AndroidManifest.xml:149:9
	android:label
		ADDED from AndroidManifest.xml:151:13
	android:name
		ADDED from AndroidManifest.xml:150:13
activity#com.kll.collect.android.activities.DataManagerList
ADDED from AndroidManifest.xml:152:9
	android:label
		ADDED from AndroidManifest.xml:154:13
	android:name
		ADDED from AndroidManifest.xml:153:13
activity#com.kll.collect.android.activities.FileManagerTabs
ADDED from AndroidManifest.xml:155:9
	android:label
		ADDED from AndroidManifest.xml:157:13
	android:name
		ADDED from AndroidManifest.xml:156:13
activity#com.kll.collect.android.activities.InstanceUploaderList
ADDED from AndroidManifest.xml:158:9
	android:label
		ADDED from AndroidManifest.xml:160:13
	android:name
		ADDED from AndroidManifest.xml:159:13
activity#com.kll.collect.android.activities.InstanceUploaderActivity
ADDED from AndroidManifest.xml:168:9
	android:label
		ADDED from AndroidManifest.xml:170:13
	android:name
		ADDED from AndroidManifest.xml:169:13
activity#com.kll.collect.android.preferences.PreferencesActivity
ADDED from AndroidManifest.xml:171:9
	android:label
		ADDED from AndroidManifest.xml:173:13
	android:name
		ADDED from AndroidManifest.xml:172:13
activity#com.kll.collect.android.preferences.AdminPreferencesActivity
ADDED from AndroidManifest.xml:174:9
	android:label
		ADDED from AndroidManifest.xml:176:13
	android:name
		ADDED from AndroidManifest.xml:175:13
activity#com.kll.collect.android.preferences.MapSettings
ADDED from AndroidManifest.xml:177:9
	android:label
		ADDED from AndroidManifest.xml:179:13
	android:name
		ADDED from AndroidManifest.xml:178:13
activity#com.kll.collect.android.activities.FormHierarchyActivity
ADDED from AndroidManifest.xml:180:9
	android:label
		ADDED from AndroidManifest.xml:182:13
	android:name
		ADDED from AndroidManifest.xml:181:13
activity#com.kll.collect.android.activities.GeoPointActivity
ADDED from AndroidManifest.xml:183:9
	android:label
		ADDED from AndroidManifest.xml:185:13
	android:name
		ADDED from AndroidManifest.xml:184:13
activity#com.kll.collect.android.activities.GeoPointMapActivity
ADDED from AndroidManifest.xml:186:9
	android:label
		ADDED from AndroidManifest.xml:188:13
	android:name
		ADDED from AndroidManifest.xml:187:13
activity#com.kll.collect.android.activities.BearingActivity
ADDED from AndroidManifest.xml:189:9
	android:label
		ADDED from AndroidManifest.xml:191:13
	android:name
		ADDED from AndroidManifest.xml:190:13
activity#com.kll.collect.android.activities.SplashScreenActivity
ADDED from AndroidManifest.xml:192:9
	android:label
		ADDED from AndroidManifest.xml:194:13
	android:theme
		ADDED from AndroidManifest.xml:195:13
	android:name
		ADDED from AndroidManifest.xml:193:13
intent-filter#android.intent.action.MAIN+android.intent.category.DEFAULT+android.intent.category.LAUNCHER
ADDED from AndroidManifest.xml:196:14
action#android.intent.action.MAIN
ADDED from AndroidManifest.xml:197:17
	android:name
		ADDED from AndroidManifest.xml:197:25
category#android.intent.category.LAUNCHER
ADDED from AndroidManifest.xml:200:17
	android:name
		ADDED from AndroidManifest.xml:200:27
activity#com.kll.collect.android.activities.AndroidShortcuts
ADDED from AndroidManifest.xml:204:9
	android:label
		ADDED from AndroidManifest.xml:206:13
	android:theme
		ADDED from AndroidManifest.xml:207:13
	android:name
		ADDED from AndroidManifest.xml:205:13
intent-filter#android.intent.action.CREATE_SHORTCUT+android.intent.category.DEFAULT
ADDED from AndroidManifest.xml:208:13
action#android.intent.action.CREATE_SHORTCUT
ADDED from AndroidManifest.xml:209:17
	android:name
		ADDED from AndroidManifest.xml:209:25
receiver#com.kll.collect.android.receivers.NetworkReceiver
ADDED from AndroidManifest.xml:215:9
	android:enabled
		ADDED from AndroidManifest.xml:217:13
	android:name
		ADDED from AndroidManifest.xml:216:13
intent-filter#android.net.conn.CONNECTIVITY_CHANGE
ADDED from AndroidManifest.xml:218:13
action#android.net.conn.CONNECTIVITY_CHANGE
ADDED from AndroidManifest.xml:219:17
	android:name
		ADDED from AndroidManifest.xml:219:25
intent-filter#com.geoodk.collect.android.FormSaved
ADDED from AndroidManifest.xml:221:13
action#com.geoodk.collect.android.FormSaved
ADDED from AndroidManifest.xml:222:17
	android:name
		ADDED from AndroidManifest.xml:222:25
meta-data#com.google.android.maps.v2.API_KEY
ADDED from AndroidManifest.xml:226:9
	android:name
		ADDED from AndroidManifest.xml:227:13
	android:value
		ADDED from AndroidManifest.xml:228:13
uses-library#com.google.android.maps
ADDED from AndroidManifest.xml:230:9
	android:required
		ADDED from AndroidManifest.xml:232:13
	android:name
		ADDED from AndroidManifest.xml:231:13
activity#com.kll.collect.android.activities.OSM_Map
ADDED from AndroidManifest.xml:234:9
	android:label
		ADDED from AndroidManifest.xml:237:13
	android:configChanges
		ADDED from AndroidManifest.xml:236:13
	android:name
		ADDED from AndroidManifest.xml:235:13
activity#com.kll.collect.android.activities.MainSettingsActivity
ADDED from AndroidManifest.xml:239:9
	android:label
		ADDED from AndroidManifest.xml:241:13
	android:name
		ADDED from AndroidManifest.xml:240:13
activity#com.kll.collect.android.activities.GeoShapeActivity
ADDED from AndroidManifest.xml:243:9
	android:label
		ADDED from AndroidManifest.xml:246:13
	android:configChanges
		ADDED from AndroidManifest.xml:245:13
	android:name
		ADDED from AndroidManifest.xml:244:13
activity#com.kll.collect.android.activities.GeoShapeActivity.GeoTraceActivity
ADDED from AndroidManifest.xml:248:9
	android:label
		ADDED from AndroidManifest.xml:251:13
	android:configChanges
		ADDED from AndroidManifest.xml:250:13
	android:name
		ADDED from AndroidManifest.xml:249:13